<?xml version="1.0" encoding="UTF-8"?>
<!-- Generated by org.testng.reporters.JUnitReportReporter -->
<testsuite hostname="DESKTOP-AJNVIH5" failures="0" tests="1" name="AgentLogin.AgentLogin" time="12.482" errors="0" timestamp="2024-02-09T18:35:45 IST" skipped="0">
  <testcase classname="AgentLogin.AgentLogin" name="Login" time="12.482"/>
  <system-out/>
</testsuite> <!-- AgentLogin.AgentLogin -->
