<?xml version="1.0" encoding="UTF-8"?>
<!-- Generated by org.testng.reporters.JUnitReportReporter -->
<testsuite hostname="DESKTOP-AJNVIH5" failures="0" tests="5" name="AgentLogin.Login_Validation" time="37.016" errors="0" timestamp="2024-02-09T18:09:23 IST" skipped="0">
  <testcase classname="AgentLogin.Login_Validation" name="Email_Validation1" time="6.454"/>
  <system-out/>
  <testcase classname="AgentLogin.Login_Validation" name="Email_Validation2" time="6.126"/>
  <system-out/>
  <testcase classname="AgentLogin.Login_Validation" name="Email_Validation3" time="6.452"/>
  <system-out/>
  <testcase classname="AgentLogin.Login_Validation" name="Email_Validation4" time="11.632"/>
  <system-out/>
  <testcase classname="AgentLogin.Login_Validation" name="Password_Validation" time="6.352"/>
  <system-out/>
</testsuite> <!-- AgentLogin.Login_Validation -->
