<?xml version="1.0" encoding="UTF-8"?>
<!-- Generated by org.testng.reporters.JUnitReportReporter -->
<testsuite hostname="DESKTOP-AJNVIH5" failures="0" tests="3" name="AgentLogin.Queue_Validation" time="34.097" errors="0" timestamp="2024-02-09T18:09:23 IST" skipped="0">
  <testcase classname="AgentLogin.Queue_Validation" name="withoutQueue" time="9.382"/>
  <system-out/>
  <testcase classname="AgentLogin.Queue_Validation" name="MultipleQueue" time="11.366"/>
  <system-out/>
  <testcase classname="AgentLogin.Queue_Validation" name="withQueue" time="13.349"/>
  <system-out/>
</testsuite> <!-- AgentLogin.Queue_Validation -->
