<?xml version="1.0" encoding="UTF-8"?>
<!-- Generated by org.testng.reporters.JUnitReportReporter -->
<testsuite hostname="DESKTOP-AJNVIH5" failures="0" tests="1" name="AgentLogin.Lead_Creation" time="2.320" errors="0" timestamp="2024-02-12T18:03:46 IST" skipped="0">
  <testcase classname="AgentLogin.Lead_Creation" name="Create_Lead" time="2.320"/>
  <system-out/>
</testsuite> <!-- AgentLogin.Lead_Creation -->
