<?xml version="1.0" encoding="UTF-8"?>
<!-- Generated by org.testng.reporters.JUnitReportReporter -->
<testsuite hostname="DESKTOP-AJNVIH5" failures="0" tests="1" name="AgentLogin.Login" time="17.524" errors="0" timestamp="2024-02-09T15:47:14 IST" skipped="0">
  <testcase classname="AgentLogin.Login" name="Login" time="17.524"/>
  <system-out/>
</testsuite> <!-- AgentLogin.Login -->
