<?xml version="1.0" encoding="UTF-8"?>
<!-- Generated by org.testng.reporters.JUnitReportReporter -->
<testsuite hostname="DESKTOP-AJNVIH5" failures="0" tests="15" name="AgentLogin.Navbar_Testing" time="7.104" errors="0" timestamp="2024-02-12T18:03:46 IST" skipped="0">
  <testcase classname="AgentLogin.Navbar_Testing" name="lead_Page" time="0.523"/>
  <system-out/>
  <testcase classname="AgentLogin.Navbar_Testing" name="contact_Page" time="0.467"/>
  <system-out/>
  <testcase classname="AgentLogin.Navbar_Testing" name="meeting_Page" time="0.628"/>
  <system-out/>
  <testcase classname="AgentLogin.Navbar_Testing" name="ticket_Page" time="0.300"/>
  <system-out/>
  <testcase classname="AgentLogin.Navbar_Testing" name="script_Page" time="0.270"/>
  <system-out/>
  <testcase classname="AgentLogin.Navbar_Testing" name="menu_List" time="0.260"/>
  <system-out/>
  <testcase classname="AgentLogin.Navbar_Testing" name="menu_ListLead" time="0.411"/>
  <system-out/>
  <testcase classname="AgentLogin.Navbar_Testing" name="menu_ListMeeting" time="0.572"/>
  <system-out/>
  <testcase classname="AgentLogin.Navbar_Testing" name="menu_ListTicket" time="0.351"/>
  <system-out/>
  <testcase classname="AgentLogin.Navbar_Testing" name="menu_ListContact" time="0.415"/>
  <system-out/>
  <testcase classname="AgentLogin.Navbar_Testing" name="menu_ListVoiceMail" time="0.353"/>
  <system-out/>
  <testcase classname="AgentLogin.Navbar_Testing" name="menu_ListScript" time="0.327"/>
  <system-out/>
  <testcase classname="AgentLogin.Navbar_Testing" name="Noti_tab" time="0.730"/>
  <system-out/>
  <testcase classname="AgentLogin.Navbar_Testing" name="Profile_tab" time="1.065"/>
  <system-out/>
  <testcase classname="AgentLogin.Navbar_Testing" name="Agent_Logout" time="0.432"/>
  <system-out/>
</testsuite> <!-- AgentLogin.Navbar_Testing -->
