<?xml version="1.0" encoding="UTF-8"?>
<!-- Generated by org.testng.reporters.JUnitReportReporter -->
<testsuite hostname="DESKTOP-AJNVIH5" failures="0" tests="1" name="AgentLogin.Contact_Creation" time="2.445" errors="0" timestamp="2024-02-12T18:03:46 IST" skipped="0">
  <testcase classname="AgentLogin.Contact_Creation" name="Create_Contact" time="2.445"/>
  <system-out/>
</testsuite> <!-- AgentLogin.Contact_Creation -->
