<?xml version="1.0" encoding="UTF-8"?>
<!-- Generated by org.testng.reporters.JUnitReportReporter -->
<testsuite hostname="DESKTOP-AJNVIH5" failures="0" tests="4" name="AgentLogin.Email_Validation" time="64.340" errors="0" timestamp="2024-02-09T15:27:29 IST" skipped="0">
  <testcase classname="AgentLogin.Email_Validation" name="Email_Validation1" time="34.811"/>
  <system-out/>
  <testcase classname="AgentLogin.Email_Validation" name="Email_Validation2" time="7.914"/>
  <system-out/>
  <testcase classname="AgentLogin.Email_Validation" name="Email_Validation3" time="7.192"/>
  <system-out/>
  <testcase classname="AgentLogin.Email_Validation" name="Email_Validation4" time="14.423"/>
  <system-out/>
</testsuite> <!-- AgentLogin.Email_Validation -->
