<?xml version="1.0" encoding="UTF-8"?>
<!-- Generated by org.testng.reporters.JUnitReportReporter -->
<testsuite hostname="DESKTOP-AJNVIH5" failures="0" tests="1" name="AgentLogin.OutBound_Call" time="2.314" errors="0" timestamp="2024-02-14T11:47:02 IST" skipped="0">
  <testcase classname="AgentLogin.OutBound_Call" name="Meeting_Call" time="2.314"/>
  <system-out/>
</testsuite> <!-- AgentLogin.OutBound_Call -->
