<?xml version="1.0" encoding="UTF-8"?>
<!-- Generated by org.testng.reporters.JUnitReportReporter -->
<testsuite hostname="DESKTOP-AJNVIH5" failures="0" tests="2" name="AgentLogin.Campaign_Validation" time="19.401" errors="0" timestamp="2024-02-09T18:09:23 IST" skipped="0">
  <testcase classname="AgentLogin.Campaign_Validation" name="NoCampaign" time="9.990"/>
  <system-out/>
  <testcase classname="AgentLogin.Campaign_Validation" name="WithCampaign" time="9.411"/>
  <system-out/>
</testsuite> <!-- AgentLogin.Campaign_Validation -->
