<?xml version="1.0" encoding="UTF-8"?>
<!-- Generated by org.testng.reporters.JUnitReportReporter -->
<testsuite hostname="DESKTOP-AJNVIH5" failures="0" tests="1" name="CodeCheck.test" time="25.154" errors="0" timestamp="2024-02-01T17:53:46 IST" skipped="0">
  <testcase classname="CodeCheck.test" name="Setup" time="25.154"/>
  <system-out/>
</testsuite> <!-- CodeCheck.test -->
