<?xml version="1.0" encoding="UTF-8"?>
<!-- Generated by org.testng.reporters.JUnitReportReporter -->
<testsuite hostname="DESKTOP-AJNVIH5" failures="0" tests="1" name="Admin_Configuration_DeleteFlow.Delete_TicketStatus" time="5.762" errors="0" timestamp="2024-02-08T18:36:43 IST" skipped="0">
  <testcase classname="Admin_Configuration_DeleteFlow.Delete_TicketStatus" name="TicketStatus_Deletion" time="5.762"/>
  <system-out/>
</testsuite> <!-- Admin_Configuration_DeleteFlow.Delete_TicketStatus -->
