<?xml version="1.0" encoding="UTF-8"?>
<!-- Generated by org.testng.reporters.JUnitReportReporter -->
<testsuite hostname="DESKTOP-AJNVIH5" failures="0" tests="1" name="Admin_Configuration_CreateFlow.Create_SubDisposition" time="7.599" errors="0" timestamp="2024-01-23T12:32:14 IST" skipped="0">
  <testcase classname="Admin_Configuration_CreateFlow.Create_SubDisposition" name="Create_SubDisposition" time="7.599"/>
  <system-out/>
</testsuite> <!-- Admin_Configuration_CreateFlow.Create_SubDisposition -->
