<?xml version="1.0" encoding="UTF-8"?>
<!-- Generated by org.testng.reporters.JUnitReportReporter -->
<testsuite hostname="DESKTOP-AJNVIH5" failures="0" tests="2" name="Admin_UsersGroups_UpdateFlow.Update_UserGroups" time="38.296" errors="0" timestamp="2024-02-01T13:41:15 IST" skipped="0">
  <testcase classname="Admin_UsersGroups_UpdateFlow.Update_UserGroups" name="Update_UserGroupName" time="6.033"/>
  <system-out/>
  <testcase classname="Admin_UsersGroups_UpdateFlow.Update_UserGroups" name="Update_Permission" time="32.263"/>
  <system-out/>
</testsuite> <!-- Admin_UsersGroups_UpdateFlow.Update_UserGroups -->
