<?xml version="1.0" encoding="UTF-8"?>
<!-- Generated by org.testng.reporters.JUnitReportReporter -->
<testsuite hostname="DESKTOP-AJNVIH5" failures="0" tests="1" name="Admin_CRM_CreateFlow.CreatingVoiceBlastCampaign" time="32.782" errors="0" timestamp="2024-02-13T15:30:37 IST" skipped="0">
  <testcase classname="Admin_CRM_CreateFlow.CreatingVoiceBlastCampaign" name="Create_VoiceBlastCampaign" time="32.782"/>
  <system-out/>
</testsuite> <!-- Admin_CRM_CreateFlow.CreatingVoiceBlastCampaign -->
