<?xml version="1.0" encoding="UTF-8"?>
<!-- Generated by org.testng.reporters.JUnitReportReporter -->
<testsuite hostname="DESKTOP-AJNVIH5" failures="0" tests="1" name="Admin_Configuration_CreateFlow.Create_TimeZone" time="11.112" errors="0" timestamp="2024-01-29T18:41:44 IST" skipped="0">
  <testcase classname="Admin_Configuration_CreateFlow.Create_TimeZone" name="TimeZone_Creation" time="11.112"/>
  <system-out/>
</testsuite> <!-- Admin_Configuration_CreateFlow.Create_TimeZone -->
