<?xml version="1.0" encoding="UTF-8"?>
<!-- Generated by org.testng.reporters.JUnitReportReporter -->
<testsuite hostname="DESKTOP-AJNVIH5" failures="0" tests="1" name="CodeCheck.UserGroup" time="8.279" errors="0" timestamp="2024-01-28T22:29:32 IST" skipped="0">
  <testcase classname="CodeCheck.UserGroup" name="Update_UserGroupName" time="8.279"/>
  <system-out/>
</testsuite> <!-- CodeCheck.UserGroup -->
