<?xml version="1.0" encoding="UTF-8"?>
<!-- Generated by org.testng.reporters.JUnitReportReporter -->
<testsuite hostname="DESKTOP-AJNVIH5" failures="0" tests="1" name="Admin_Configuration_CreateFlow.Create_Tags" time="5.022" errors="0" timestamp="2024-02-08T18:36:43 IST" skipped="0">
  <testcase classname="Admin_Configuration_CreateFlow.Create_Tags" name="Tags_Creation" time="5.022"/>
  <system-out/>
</testsuite> <!-- Admin_Configuration_CreateFlow.Create_Tags -->
