<?xml version="1.0" encoding="UTF-8"?>
<!-- Generated by org.testng.reporters.JUnitReportReporter -->
<testsuite hostname="DESKTOP-AJNVIH5" failures="0" tests="2" name="Admin_Configuration_UpdateFlow.Update_Script" time="13.499" errors="0" timestamp="2024-02-01T15:00:04 IST" skipped="0">
  <testcase classname="Admin_Configuration_UpdateFlow.Update_Script" name="Update_ScriptStatus" time="6.871"/>
  <system-out/>
  <testcase classname="Admin_Configuration_UpdateFlow.Update_Script" name="Update_ScriptContent" time="6.628"/>
  <system-out/>
</testsuite> <!-- Admin_Configuration_UpdateFlow.Update_Script -->
