<?xml version="1.0" encoding="UTF-8"?>
<!-- Generated by org.testng.reporters.JUnitReportReporter -->
<testsuite hostname="DESKTOP-AJNVIH5" failures="0" tests="1" name="Admin_Configuration_CreateFlow.Create_Announcement" time="6.536" errors="0" timestamp="2024-02-01T14:54:55 IST" skipped="0">
  <testcase classname="Admin_Configuration_CreateFlow.Create_Announcement" name="Create_Announcement" time="6.536"/>
  <system-out/>
</testsuite> <!-- Admin_Configuration_CreateFlow.Create_Announcement -->
