<?xml version="1.0" encoding="UTF-8"?>
<!-- Generated by org.testng.reporters.JUnitReportReporter -->
<testsuite hostname="DESKTOP-AJNVIH5" failures="0" tests="3" name="Admin_Configuration_UpdateFlow.Update_Queue" time="22.196" errors="0" timestamp="2024-01-29T22:40:04 IST" skipped="0">
  <testcase classname="Admin_Configuration_UpdateFlow.Update_Queue" name="Update_QueueStrategy" time="7.471"/>
  <system-out/>
  <testcase classname="Admin_Configuration_UpdateFlow.Update_Queue" name="Update_QueueRestart" time="8.552"/>
  <system-out/>
  <testcase classname="Admin_Configuration_UpdateFlow.Update_Queue" name="Update_QueueWaitTime" time="6.173"/>
  <system-out/>
</testsuite> <!-- Admin_Configuration_UpdateFlow.Update_Queue -->
