<?xml version="1.0" encoding="UTF-8"?>
<!-- Generated by org.testng.reporters.JUnitReportReporter -->
<testsuite hostname="DESKTOP-AJNVIH5" failures="0" tests="1" name="Admin_CRM_CreateFlow.CreatingPredictiveCampaign" time="24.818" errors="0" timestamp="2024-02-13T15:30:37 IST" skipped="0">
  <testcase classname="Admin_CRM_CreateFlow.CreatingPredictiveCampaign" name="Create_PredictiveCampaign" time="24.818"/>
  <system-out/>
</testsuite> <!-- Admin_CRM_CreateFlow.CreatingPredictiveCampaign -->
