<?xml version="1.0" encoding="UTF-8"?>
<!-- Generated by org.testng.reporters.JUnitReportReporter -->
<testsuite hostname="DESKTOP-AJNVIH5" failures="0" tests="1" name="Admin_UsersGroups_UpdateFlow.Update_Channel" time="8.953" errors="0" timestamp="2024-02-01T13:41:15 IST" skipped="0">
  <testcase classname="Admin_UsersGroups_UpdateFlow.Update_Channel" name="Update_Status" time="8.953"/>
  <system-out/>
</testsuite> <!-- Admin_UsersGroups_UpdateFlow.Update_Channel -->
