<?xml version="1.0" encoding="UTF-8"?>
<!-- Generated by org.testng.reporters.JUnitReportReporter -->
<testsuite hostname="DESKTOP-AJNVIH5" failures="0" tests="1" name="Admin_UsersGroups_CreateFlow.Create_UserGroup" time="67.713" errors="0" timestamp="2024-02-01T15:18:03 IST" skipped="0">
  <testcase classname="Admin_UsersGroups_CreateFlow.Create_UserGroup" name="Create_UserGroup" time="67.713"/>
  <system-out/>
</testsuite> <!-- Admin_UsersGroups_CreateFlow.Create_UserGroup -->
