<?xml version="1.0" encoding="UTF-8"?>
<!-- Generated by org.testng.reporters.JUnitReportReporter -->
<testsuite hostname="DESKTOP-AJNVIH5" failures="0" tests="1" name="Admin_CRM_DeleteFlow.Delete_List" time="2.705" errors="0" timestamp="2024-02-02T17:08:44 IST" skipped="0">
  <testcase classname="Admin_CRM_DeleteFlow.Delete_List" name="Delete_List" time="2.705"/>
  <system-out/>
</testsuite> <!-- Admin_CRM_DeleteFlow.Delete_List -->
