<?xml version="1.0" encoding="UTF-8"?>
<!-- Generated by org.testng.reporters.JUnitReportReporter -->
<testsuite hostname="DESKTOP-AJNVIH5" failures="0" tests="1" name="Admin_UsersGroups_DeleteFlow.Delete_UserGroups" time="7.104" errors="0" timestamp="2024-02-01T09:58:43 IST" skipped="0">
  <testcase classname="Admin_UsersGroups_DeleteFlow.Delete_UserGroups" name="Delete_UserGroups" time="7.104"/>
  <system-out/>
</testsuite> <!-- Admin_UsersGroups_DeleteFlow.Delete_UserGroups -->
