<?xml version="1.0" encoding="UTF-8"?>
<!-- Generated by org.testng.reporters.JUnitReportReporter -->
<testsuite hostname="DESKTOP-AJNVIH5" failures="0" tests="3" name="Admin_Configuration_UpdateFlow.Update_Queue" time="18.009" errors="0" timestamp="2024-02-01T15:00:04 IST" skipped="0">
  <testcase classname="Admin_Configuration_UpdateFlow.Update_Queue" name="Update_QueueWaitTime" time="5.011"/>
  <system-out/>
  <testcase classname="Admin_Configuration_UpdateFlow.Update_Queue" name="Update_QueueRestart" time="7.075"/>
  <system-out/>
  <testcase classname="Admin_Configuration_UpdateFlow.Update_Queue" name="Update_QueueStrategy" time="5.923"/>
  <system-out/>
</testsuite> <!-- Admin_Configuration_UpdateFlow.Update_Queue -->
