<?xml version="1.0" encoding="UTF-8"?>
<!-- Generated by org.testng.reporters.JUnitReportReporter -->
<testsuite hostname="DESKTOP-AJNVIH5" failures="0" tests="1" name="Admin_Configuration_DeleteFlow.Delete_DIDNumber" time="5.732" errors="0" timestamp="2024-01-30T23:20:44 IST" skipped="0">
  <testcase classname="Admin_Configuration_DeleteFlow.Delete_DIDNumber" name="Delete_DIDNumber" time="5.732"/>
  <system-out/>
</testsuite> <!-- Admin_Configuration_DeleteFlow.Delete_DIDNumber -->
