<?xml version="1.0" encoding="UTF-8"?>
<!-- Generated by org.testng.reporters.JUnitReportReporter -->
<testsuite hostname="DESKTOP-AJNVIH5" failures="0" tests="1" name="Admin_Configuration_CreateFlow.Create_MeetingTitle" time="5.504" errors="0" timestamp="2024-01-29T18:41:44 IST" skipped="0">
  <testcase classname="Admin_Configuration_CreateFlow.Create_MeetingTitle" name="MeetingTitle_Creation" time="5.504"/>
  <system-out/>
</testsuite> <!-- Admin_Configuration_CreateFlow.Create_MeetingTitle -->
