<?xml version="1.0" encoding="UTF-8"?>
<!-- Generated by org.testng.reporters.JUnitReportReporter -->
<testsuite hostname="DESKTOP-AJNVIH5" failures="0" tests="1" name="Admin_UsersGroups_DeleteFlow.Delete_Channel" time="5.639" errors="0" timestamp="2024-02-13T17:09:05 IST" skipped="0">
  <testcase classname="Admin_UsersGroups_DeleteFlow.Delete_Channel" name="Delete_Channel" time="5.639"/>
  <system-out/>
</testsuite> <!-- Admin_UsersGroups_DeleteFlow.Delete_Channel -->
