<?xml version="1.0" encoding="UTF-8"?>
<!-- Generated by org.testng.reporters.JUnitReportReporter -->
<testsuite hostname="DESKTOP-AJNVIH5" failures="0" tests="1" name="Admin_CRM_CreateFlow.CreatingPreviewCampaign" time="15.624" errors="0" timestamp="2024-02-02T10:31:18 IST" skipped="0">
  <testcase classname="Admin_CRM_CreateFlow.CreatingPreviewCampaign" name="Create_PreviewCampaign" time="15.624"/>
  <system-out/>
</testsuite> <!-- Admin_CRM_CreateFlow.CreatingPreviewCampaign -->
