<?xml version="1.0" encoding="UTF-8"?>
<!-- Generated by org.testng.reporters.JUnitReportReporter -->
<testsuite hostname="DESKTOP-AJNVIH5" failures="0" tests="1" name="Admin_UsersGroups_UpdateFlow.Update_Source" time="4.539" errors="0" timestamp="2024-01-29T10:38:52 IST" skipped="0">
  <testcase classname="Admin_UsersGroups_UpdateFlow.Update_Source" name="Update_Source" time="4.539"/>
  <system-out/>
</testsuite> <!-- Admin_UsersGroups_UpdateFlow.Update_Source -->
