<?xml version="1.0" encoding="UTF-8"?>
<!-- Generated by org.testng.reporters.JUnitReportReporter -->
<testsuite hostname="DESKTOP-AJNVIH5" failures="0" tests="1" name="Admin_Configuration_UpdateFlow.Update_Tags" time="6.196" errors="0" timestamp="2024-01-31T14:42:07 IST" skipped="0">
  <testcase classname="Admin_Configuration_UpdateFlow.Update_Tags" name="Update_TagStatus" time="6.196"/>
  <system-out/>
</testsuite> <!-- Admin_Configuration_UpdateFlow.Update_Tags -->
