<?xml version="1.0" encoding="UTF-8"?>
<!-- Generated by org.testng.reporters.JUnitReportReporter -->
<testsuite hostname="DESKTOP-AJNVIH5" failures="0" tests="1" name="Admin_Configuration_UpdateFlow.Update_AudioStore" time="4.932" errors="0" timestamp="2024-01-30T22:44:24 IST" skipped="0">
  <testcase classname="Admin_Configuration_UpdateFlow.Update_AudioStore" name="Update_AudioStoreStatus" time="4.932"/>
  <system-out/>
</testsuite> <!-- Admin_Configuration_UpdateFlow.Update_AudioStore -->
