<?xml version="1.0" encoding="UTF-8"?>
<!-- Generated by org.testng.reporters.JUnitReportReporter -->
<testsuite hostname="DESKTOP-AJNVIH5" failures="0" tests="2" name="Admin_Configuration_UpdateFlow.Update_PauseCode" time="11.782" errors="0" timestamp="2024-02-01T10:13:31 IST" skipped="0">
  <testcase classname="Admin_Configuration_UpdateFlow.Update_PauseCode" name="Update_PausecodeTime" time="5.874"/>
  <system-out/>
  <testcase classname="Admin_Configuration_UpdateFlow.Update_PauseCode" name="Update_PausecodeStatus" time="5.908"/>
  <system-out/>
</testsuite> <!-- Admin_Configuration_UpdateFlow.Update_PauseCode -->
