<?xml version="1.0" encoding="UTF-8"?>
<!-- Generated by org.testng.reporters.JUnitReportReporter -->
<testsuite hostname="DESKTOP-AJNVIH5" failures="0" tests="1" name="Admin_Configuration_DeleteFlow.Delete_Tags" time="5.621" errors="0" timestamp="2024-02-08T18:36:42 IST" skipped="0">
  <testcase classname="Admin_Configuration_DeleteFlow.Delete_Tags" name="Delete_Tags" time="5.621"/>
  <system-out/>
</testsuite> <!-- Admin_Configuration_DeleteFlow.Delete_Tags -->
