<?xml version="1.0" encoding="UTF-8"?>
<!-- Generated by org.testng.reporters.JUnitReportReporter -->
<testsuite hostname="DESKTOP-AJNVIH5" failures="0" tests="1" name="Admin_Configuration_UpdateFlow.Update_MeetingTitle" time="4.948" errors="0" timestamp="2024-02-01T10:13:31 IST" skipped="0">
  <testcase classname="Admin_Configuration_UpdateFlow.Update_MeetingTitle" name="Update_MeetingTitleStatus" time="4.948"/>
  <system-out/>
</testsuite> <!-- Admin_Configuration_UpdateFlow.Update_MeetingTitle -->
