<?xml version="1.0" encoding="UTF-8"?>
<!-- Generated by org.testng.reporters.JUnitReportReporter -->
<testsuite hostname="DESKTOP-AJNVIH5" failures="0" tests="1" name="Admin_Configuration_CreateFlow.Uplode_AudioStore" time="6.110" errors="0" timestamp="2024-01-30T22:35:38 IST" skipped="0">
  <testcase classname="Admin_Configuration_CreateFlow.Uplode_AudioStore" name="Uplode_Audio" time="6.110"/>
  <system-out/>
</testsuite> <!-- Admin_Configuration_CreateFlow.Uplode_AudioStore -->
