<?xml version="1.0" encoding="UTF-8"?>
<!-- Generated by org.testng.reporters.JUnitReportReporter -->
<testsuite hostname="DESKTOP-AJNVIH5" failures="0" tests="1" name="Admin_UsersGroups_CreateFlow.Create_Channel" time="4.983" errors="0" timestamp="2024-02-01T15:19:01 IST" skipped="0">
  <testcase classname="Admin_UsersGroups_CreateFlow.Create_Channel" name="Create_Channel" time="4.983"/>
  <system-out/>
</testsuite> <!-- Admin_UsersGroups_CreateFlow.Create_Channel -->
