<?xml version="1.0" encoding="UTF-8"?>
<!-- Generated by org.testng.reporters.JUnitReportReporter -->
<testsuite hostname="DESKTOP-AJNVIH5" failures="0" tests="1" name="Admin_Configuration_CreateFlow.Create_Queue" time="7.321" errors="0" timestamp="2024-02-08T18:36:42 IST" skipped="0">
  <testcase classname="Admin_Configuration_CreateFlow.Create_Queue" name="Create_Queue" time="7.321"/>
  <system-out/>
</testsuite> <!-- Admin_Configuration_CreateFlow.Create_Queue -->
