<?xml version="1.0" encoding="UTF-8"?>
<!-- Generated by org.testng.reporters.JUnitReportReporter -->
<testsuite hostname="DESKTOP-AJNVIH5" failures="0" tests="1" name="Admin_Configuration_CreateFlow.Create_TicketStatus" time="5.462" errors="0" timestamp="2024-01-29T18:41:44 IST" skipped="0">
  <testcase classname="Admin_Configuration_CreateFlow.Create_TicketStatus" name="Create_TicketStatus" time="5.462"/>
  <system-out/>
</testsuite> <!-- Admin_Configuration_CreateFlow.Create_TicketStatus -->
