<?xml version="1.0" encoding="UTF-8"?>
<!-- Generated by org.testng.reporters.JUnitReportReporter -->
<testsuite hostname="DESKTOP-AJNVIH5" failures="0" tests="1" name="Admin_Configuration_CreateFlow.Create_Announcement" time="6.570" errors="0" timestamp="2024-01-31T14:42:07 IST" skipped="0">
  <testcase classname="Admin_Configuration_CreateFlow.Create_Announcement" name="Create_Announcement" time="6.570"/>
  <system-out/>
</testsuite> <!-- Admin_Configuration_CreateFlow.Create_Announcement -->
