<?xml version="1.0" encoding="UTF-8"?>
<!-- Generated by org.testng.reporters.JUnitReportReporter -->
<testsuite hostname="DESKTOP-AJNVIH5" failures="0" tests="4" name="Admin_UsersGroups_UpdateFlow.Update_User" time="32.488" errors="0" timestamp="2024-02-01T13:41:15 IST" skipped="0">
  <testcase classname="Admin_UsersGroups_UpdateFlow.Update_User" name="Update_Status" time="8.428"/>
  <system-out/>
  <testcase classname="Admin_UsersGroups_UpdateFlow.Update_User" name="Update_UserMobileNo" time="7.131"/>
  <system-out/>
  <testcase classname="Admin_UsersGroups_UpdateFlow.Update_User" name="Update_UserGroup" time="9.181"/>
  <system-out/>
  <testcase classname="Admin_UsersGroups_UpdateFlow.Update_User" name="Update_Role" time="7.748"/>
  <system-out/>
</testsuite> <!-- Admin_UsersGroups_UpdateFlow.Update_User -->
