<?xml version="1.0" encoding="UTF-8"?>
<!-- Generated by org.testng.reporters.JUnitReportReporter -->
<testsuite hostname="DESKTOP-AJNVIH5" failures="0" tests="1" name="Admin_Configuration_CreateFlow.Upload_BlockList" time="5.915" errors="0" timestamp="2024-02-01T10:08:57 IST" skipped="0">
  <testcase classname="Admin_Configuration_CreateFlow.Upload_BlockList" name="Uplode_BlockList" time="5.915"/>
  <system-out/>
</testsuite> <!-- Admin_Configuration_CreateFlow.Upload_BlockList -->
