<?xml version="1.0" encoding="UTF-8"?>
<!-- Generated by org.testng.reporters.JUnitReportReporter -->
<testsuite hostname="DESKTOP-AJNVIH5" failures="0" tests="1" name="Admin_Configuration_CreateFlow.Create_Script" time="5.818" errors="0" timestamp="2024-01-31T14:42:07 IST" skipped="0">
  <testcase classname="Admin_Configuration_CreateFlow.Create_Script" name="Create_Script" time="5.818"/>
  <system-out/>
</testsuite> <!-- Admin_Configuration_CreateFlow.Create_Script -->
