<?xml version="1.0" encoding="UTF-8"?>
<!-- Generated by org.testng.reporters.JUnitReportReporter -->
<testsuite hostname="DESKTOP-AJNVIH5" failures="0" tests="1" name="Admin_CRM_CreateFlow.CreatingInboundCampaign" time="22.842" errors="0" timestamp="2024-02-13T15:30:37 IST" skipped="0">
  <testcase classname="Admin_CRM_CreateFlow.CreatingInboundCampaign" name="Create_InboundCampaign" time="22.842"/>
  <system-out/>
</testsuite> <!-- Admin_CRM_CreateFlow.CreatingInboundCampaign -->
