<?xml version="1.0" encoding="UTF-8"?>
<!-- Generated by org.testng.reporters.JUnitReportReporter -->
<testsuite hostname="DESKTOP-AJNVIH5" failures="0" tests="2" name="Admin_Configuration_UpdateFlow.Update_PauseCode" time="11.973" errors="0" timestamp="2024-01-30T00:13:03 IST" skipped="0">
  <testcase classname="Admin_Configuration_UpdateFlow.Update_PauseCode" name="Update_PausecodeTime" time="6.277"/>
  <system-out/>
  <testcase classname="Admin_Configuration_UpdateFlow.Update_PauseCode" name="Update_PausecodeStatus" time="5.696"/>
  <system-out/>
</testsuite> <!-- Admin_Configuration_UpdateFlow.Update_PauseCode -->
