<?xml version="1.0" encoding="UTF-8"?>
<!-- Generated by org.testng.reporters.JUnitReportReporter -->
<testsuite hostname="DESKTOP-AJNVIH5" failures="0" tests="1" name="Admin_Configuration_DeleteFlow.Delete_Announcement" time="8.318" errors="0" timestamp="2024-01-29T16:41:52 IST" skipped="0">
  <testcase classname="Admin_Configuration_DeleteFlow.Delete_Announcement" name="Announcement_Delete" time="8.318"/>
  <system-out/>
</testsuite> <!-- Admin_Configuration_DeleteFlow.Delete_Announcement -->
