<?xml version="1.0" encoding="UTF-8"?>
<!-- Generated by org.testng.reporters.JUnitReportReporter -->
<testsuite hostname="DESKTOP-AJNVIH5" failures="0" tests="1" name="Admin_Configuration_CreateFlow.Create_TimeZone" time="12.230" errors="0" timestamp="2024-02-01T10:08:57 IST" skipped="0">
  <testcase classname="Admin_Configuration_CreateFlow.Create_TimeZone" name="TimeZone_Creation" time="12.230"/>
  <system-out/>
</testsuite> <!-- Admin_Configuration_CreateFlow.Create_TimeZone -->
