<?xml version="1.0" encoding="UTF-8"?>
<!-- Generated by org.testng.reporters.JUnitReportReporter -->
<testsuite hostname="DESKTOP-AJNVIH5" failures="0" tests="1" name="Admin_Configuration_CreateFlow.Create_Dispo" time="6.757" errors="0" timestamp="2024-02-01T10:08:57 IST" skipped="0">
  <testcase classname="Admin_Configuration_CreateFlow.Create_Dispo" name="Create_Disposition" time="6.757"/>
  <system-out/>
</testsuite> <!-- Admin_Configuration_CreateFlow.Create_Dispo -->
