<?xml version="1.0" encoding="UTF-8"?>
<!-- Generated by org.testng.reporters.JUnitReportReporter -->
<testsuite hostname="DESKTOP-AJNVIH5" failures="0" tests="3" name="Admin_Configuration_UpdateFlow.Update_Queue" time="17.978" errors="0" timestamp="2024-01-31T14:42:06 IST" skipped="0">
  <testcase classname="Admin_Configuration_UpdateFlow.Update_Queue" name="Update_QueueRestart" time="7.298"/>
  <system-out/>
  <testcase classname="Admin_Configuration_UpdateFlow.Update_Queue" name="Update_QueueWaitTime" time="4.877"/>
  <system-out/>
  <testcase classname="Admin_Configuration_UpdateFlow.Update_Queue" name="Update_QueueStrategy" time="5.803"/>
  <system-out/>
</testsuite> <!-- Admin_Configuration_UpdateFlow.Update_Queue -->
