<?xml version="1.0" encoding="UTF-8"?>
<!-- Generated by org.testng.reporters.JUnitReportReporter -->
<testsuite hostname="DESKTOP-AJNVIH5" failures="0" tests="1" name="Admin_Configuration_DeleteFlow.Delete_Announcement" time="7.030" errors="0" timestamp="2024-01-22T07:46:03 IST" skipped="0">
  <testcase classname="Admin_Configuration_DeleteFlow.Delete_Announcement" name="Announcement_Delete" time="7.030"/>
  <system-out/>
</testsuite> <!-- Admin_Configuration_DeleteFlow.Delete_Announcement -->
