<?xml version="1.0" encoding="UTF-8"?>
<!-- Generated by org.testng.reporters.JUnitReportReporter -->
<testsuite hostname="DESKTOP-AJNVIH5" failures="0" tests="3" name="Admin_Configuration_UpdateFlow.Update_Announcement" time="18.304" errors="0" timestamp="2024-02-01T15:00:04 IST" skipped="0">
  <testcase classname="Admin_Configuration_UpdateFlow.Update_Announcement" name="Update_AnnouncementStatus" time="4.758"/>
  <system-out/>
  <testcase classname="Admin_Configuration_UpdateFlow.Update_Announcement" name="Update_AnnouncementMessage" time="6.543"/>
  <system-out/>
  <testcase classname="Admin_Configuration_UpdateFlow.Update_Announcement" name="Update_AnnouncementCampaign" time="7.003"/>
  <system-out/>
</testsuite> <!-- Admin_Configuration_UpdateFlow.Update_Announcement -->
