<?xml version="1.0" encoding="UTF-8"?>
<!-- Generated by org.testng.reporters.JUnitReportReporter -->
<testsuite hostname="DESKTOP-AJNVIH5" failures="0" tests="3" name="Admin_Configuration_UpdateFlow.Update_Announcement" time="18.262" errors="0" timestamp="2024-01-30T23:20:44 IST" skipped="0">
  <testcase classname="Admin_Configuration_UpdateFlow.Update_Announcement" name="Update_AnnouncementStatus" time="4.775"/>
  <system-out/>
  <testcase classname="Admin_Configuration_UpdateFlow.Update_Announcement" name="Update_AnnouncementCampaign" time="6.940"/>
  <system-out/>
  <testcase classname="Admin_Configuration_UpdateFlow.Update_Announcement" name="Update_AnnouncementMessage" time="6.547"/>
  <system-out/>
</testsuite> <!-- Admin_Configuration_UpdateFlow.Update_Announcement -->
