<?xml version="1.0" encoding="UTF-8"?>
<!-- Generated by org.testng.reporters.JUnitReportReporter -->
<testsuite hostname="DESKTOP-AJNVIH5" failures="0" tests="4" name="Admin_UsersGroups_UpdateFlow.Update_User" time="32.782" errors="0" timestamp="2024-01-29T10:38:52 IST" skipped="0">
  <testcase classname="Admin_UsersGroups_UpdateFlow.Update_User" name="Update_Status" time="8.120"/>
  <system-out/>
  <testcase classname="Admin_UsersGroups_UpdateFlow.Update_User" name="Update_UserMobileNo" time="7.302"/>
  <system-out/>
  <testcase classname="Admin_UsersGroups_UpdateFlow.Update_User" name="Update_UserGroup" time="9.529"/>
  <system-out/>
  <testcase classname="Admin_UsersGroups_UpdateFlow.Update_User" name="Update_Role" time="7.831"/>
  <system-out/>
</testsuite> <!-- Admin_UsersGroups_UpdateFlow.Update_User -->
