<?xml version="1.0" encoding="UTF-8"?>
<!-- Generated by org.testng.reporters.JUnitReportReporter -->
<testsuite hostname="DESKTOP-AJNVIH5" failures="0" tests="1" name="Admin_Configuration_UpdateFlow.Update_TicketStatus" time="6.109" errors="0" timestamp="2024-01-29T23:04:37 IST" skipped="0">
  <testcase classname="Admin_Configuration_UpdateFlow.Update_TicketStatus" name="Update_TicketStatusStatus" time="6.109"/>
  <system-out/>
</testsuite> <!-- Admin_Configuration_UpdateFlow.Update_TicketStatus -->
