<?xml version="1.0" encoding="UTF-8"?>
<!-- Generated by org.testng.reporters.JUnitReportReporter -->
<testsuite hostname="DESKTOP-AJNVIH5" failures="0" tests="2" name="Admin_CRM_CreateFlow.Create_Contact" time="5.737" errors="0" timestamp="2024-02-08T16:39:41 IST" skipped="1">
  <testcase classname="Admin_CRM_CreateFlow.Create_Contact" name="UplodeContact" time="5.737"/>
  <system-out/>
  <testcase classname="Admin_CRM_CreateFlow.Create_Contact" name="CreateContact">
    <skipped/>
  </testcase> <!-- CreateContact -->
  <system-out/>
</testsuite> <!-- Admin_CRM_CreateFlow.Create_Contact -->
