<?xml version="1.0" encoding="UTF-8"?>
<!-- Generated by org.testng.reporters.JUnitReportReporter -->
<testsuite hostname="DESKTOP-AJNVIH5" failures="0" tests="2" name="Admin_Configuration_UpdateFlow.Update_DIDNumber" time="12.676" errors="0" timestamp="2024-02-01T15:00:04 IST" skipped="0">
  <testcase classname="Admin_Configuration_UpdateFlow.Update_DIDNumber" name="Update_DIDNumberStatus" time="6.950"/>
  <system-out/>
  <testcase classname="Admin_Configuration_UpdateFlow.Update_DIDNumber" name="Update_DIDNumberLive" time="5.726"/>
  <system-out/>
</testsuite> <!-- Admin_Configuration_UpdateFlow.Update_DIDNumber -->
