<?xml version="1.0" encoding="UTF-8"?>
<!-- Generated by org.testng.reporters.JUnitReportReporter -->
<testsuite hostname="DESKTOP-AJNVIH5" failures="0" tests="1" name="Admin_Configuration_CreateFlow.Create_InboundRoute" time="7.947" errors="0" timestamp="2024-01-30T23:20:44 IST" skipped="0">
  <testcase classname="Admin_Configuration_CreateFlow.Create_InboundRoute" name="InboundRoute_Create" time="7.947"/>
  <system-out/>
</testsuite> <!-- Admin_Configuration_CreateFlow.Create_InboundRoute -->
