<?xml version="1.0" encoding="UTF-8"?>
<!-- Generated by org.testng.reporters.JUnitReportReporter -->
<testsuite hostname="DESKTOP-AJNVIH5" failures="0" tests="3" name="Admin_Configuration_UpdateFlow.Update_Queue" time="17.975" errors="0" timestamp="2024-02-01T10:13:31 IST" skipped="0">
  <testcase classname="Admin_Configuration_UpdateFlow.Update_Queue" name="Update_QueueStrategy" time="5.777"/>
  <system-out/>
  <testcase classname="Admin_Configuration_UpdateFlow.Update_Queue" name="Update_QueueWaitTime" time="4.896"/>
  <system-out/>
  <testcase classname="Admin_Configuration_UpdateFlow.Update_Queue" name="Update_QueueRestart" time="7.302"/>
  <system-out/>
</testsuite> <!-- Admin_Configuration_UpdateFlow.Update_Queue -->
