<?xml version="1.0" encoding="UTF-8"?>
<!-- Generated by org.testng.reporters.JUnitReportReporter -->
<testsuite hostname="DESKTOP-AJNVIH5" failures="0" tests="1" name="Admin_Configuration_DeleteFlow.Delete_AudioStore" time="5.748" errors="0" timestamp="2024-01-30T18:06:44 IST" skipped="0">
  <testcase classname="Admin_Configuration_DeleteFlow.Delete_AudioStore" name="Delete_AudioStore" time="5.748"/>
  <system-out/>
</testsuite> <!-- Admin_Configuration_DeleteFlow.Delete_AudioStore -->
