<?xml version="1.0" encoding="UTF-8"?>
<!-- Generated by org.testng.reporters.JUnitReportReporter -->
<testsuite hostname="DESKTOP-AJNVIH5" failures="0" tests="1" name="Admin_Configuration_DeleteFlow.Delete_BlockList" time="5.690" errors="0" timestamp="2024-01-31T14:42:06 IST" skipped="0">
  <testcase classname="Admin_Configuration_DeleteFlow.Delete_BlockList" name="BlockList_Delete" time="5.690"/>
  <system-out/>
</testsuite> <!-- Admin_Configuration_DeleteFlow.Delete_BlockList -->
