<?xml version="1.0" encoding="UTF-8"?>
<!-- Generated by org.testng.reporters.JUnitReportReporter -->
<testsuite hostname="DESKTOP-AJNVIH5" failures="0" tests="2" name="Admin_UsersGroups_UpdateFlow.Update_UserGroups" time="38.392" errors="0" timestamp="2024-02-13T17:06:07 IST" skipped="0">
  <testcase classname="Admin_UsersGroups_UpdateFlow.Update_UserGroups" name="Update_UserGroupName" time="6.406"/>
  <system-out/>
  <testcase classname="Admin_UsersGroups_UpdateFlow.Update_UserGroups" name="Update_Permission" time="31.986"/>
  <system-out/>
</testsuite> <!-- Admin_UsersGroups_UpdateFlow.Update_UserGroups -->
