<?xml version="1.0" encoding="UTF-8"?>
<!-- Generated by org.testng.reporters.JUnitReportReporter -->
<testsuite hostname="DESKTOP-AJNVIH5" failures="0" tests="2" name="Admin_CRM_DeleteFlow.Delete_Contact" time="3.574" errors="0" timestamp="2024-02-08T16:41:19 IST" skipped="1">
  <testcase classname="Admin_CRM_DeleteFlow.Delete_Contact" name="BulkDelete_Contact" time="3.574"/>
  <system-out/>
  <testcase classname="Admin_CRM_DeleteFlow.Delete_Contact" name="Delete_Contact">
    <skipped/>
  </testcase> <!-- Delete_Contact -->
  <system-out/>
</testsuite> <!-- Admin_CRM_DeleteFlow.Delete_Contact -->
