<?xml version="1.0" encoding="UTF-8"?>
<!-- Generated by org.testng.reporters.JUnitReportReporter -->
<testsuite hostname="DESKTOP-AJNVIH5" failures="0" tests="1" name="Admin_Configuration_UpdateFlow.Update_Disposition" time="5.965" errors="0" timestamp="2024-01-31T14:42:06 IST" skipped="0">
  <testcase classname="Admin_Configuration_UpdateFlow.Update_Disposition" name="Update_DispoStatus" time="5.965"/>
  <system-out/>
</testsuite> <!-- Admin_Configuration_UpdateFlow.Update_Disposition -->
