<?xml version="1.0" encoding="UTF-8"?>
<!-- Generated by org.testng.reporters.JUnitReportReporter -->
<testsuite hostname="DESKTOP-AJNVIH5" failures="0" tests="2" name="Admin_CRM_CreateFlow.Create_Leads" time="10.982" errors="0" timestamp="2024-02-08T12:27:49 IST" skipped="1">
  <testcase classname="Admin_CRM_CreateFlow.Create_Leads" name="CreateLead" time="10.982"/>
  <system-out/>
  <testcase classname="Admin_CRM_CreateFlow.Create_Leads" name="UplodeLeadsWithoutDuplication">
    <skipped/>
  </testcase> <!-- UplodeLeadsWithoutDuplication -->
  <system-out/>
</testsuite> <!-- Admin_CRM_CreateFlow.Create_Leads -->
