<?xml version="1.0" encoding="UTF-8"?>
<!-- Generated by org.testng.reporters.JUnitReportReporter -->
<testsuite hostname="DESKTOP-AJNVIH5" failures="0" tests="4" name="User.Update_User" time="32.852" errors="0" timestamp="2024-01-25T18:22:04 IST" skipped="0">
  <testcase classname="User.Update_User" name="Update_Status" time="8.477"/>
  <system-out/>
  <testcase classname="User.Update_User" name="Update_UserMobileNo" time="7.310"/>
  <system-out/>
  <testcase classname="User.Update_User" name="Update_UserGroup" time="9.249"/>
  <system-out/>
  <testcase classname="User.Update_User" name="Update_Role" time="7.816"/>
  <system-out/>
</testsuite> <!-- User.Update_User -->
