<?xml version="1.0" encoding="UTF-8"?>
<!-- Generated by org.testng.reporters.JUnitReportReporter -->
<testsuite hostname="DESKTOP-AJNVIH5" failures="0" tests="1" name="Source.Delete_Source" time="4.524" errors="0" timestamp="2024-01-19T23:58:19 IST" skipped="0">
  <testcase classname="Source.Delete_Source" name="Delete_Source" time="4.524"/>
  <system-out/>
</testsuite> <!-- Source.Delete_Source -->
