<?xml version="1.0" encoding="UTF-8"?>
<!-- Generated by org.testng.reporters.JUnitReportReporter -->
<testsuite hostname="DESKTOP-AJNVIH5" failures="0" tests="1" name="Channel.Delete_Channel" time="5.785" errors="0" timestamp="2024-01-20T00:19:34 IST" skipped="0">
  <testcase classname="Channel.Delete_Channel" name="Delete_Channel" time="5.785"/>
  <system-out/>
</testsuite> <!-- Channel.Delete_Channel -->
