<?xml version="1.0" encoding="UTF-8"?>
<!-- Generated by org.testng.reporters.JUnitReportReporter -->
<testsuite hostname="DESKTOP-AJNVIH5" failures="0" tests="1" name="Team.Create_Team" time="15.570" errors="0" timestamp="2024-01-24T15:36:45 IST" skipped="0">
  <testcase classname="Team.Create_Team" name="Create_Team" time="15.570"/>
  <system-out/>
</testsuite> <!-- Team.Create_Team -->
