<?xml version="1.0" encoding="UTF-8"?>
<!-- Generated by org.testng.reporters.JUnitReportReporter -->
<testsuite hostname="DESKTOP-AJNVIH5" failures="0" tests="1" name="CRM.TicketCreation" time="0.000" errors="0" timestamp="2024-01-11T15:59:11 IST" skipped="1">
  <testcase classname="CRM.TicketCreation" name="TicketExport" time="0.000">
    <skipped/>
  </testcase> <!-- TicketExport -->
  <system-out/>
</testsuite> <!-- CRM.TicketCreation -->
