<?xml version="1.0" encoding="UTF-8"?>
<!-- Generated by org.testng.reporters.JUnitReportReporter -->
<testsuite hostname="DESKTOP-AJNVIH5" failures="0" tests="2" name="PauseCode.Creat_PauseCode" time="8.398" errors="0" timestamp="2024-01-14T16:47:25 IST" skipped="1">
  <testcase classname="PauseCode.Creat_PauseCode" name="Verfication" time="8.398"/>
  <system-out/>
  <testcase classname="PauseCode.Creat_PauseCode" name="Create_PauseCode">
    <skipped/>
  </testcase> <!-- Create_PauseCode -->
  <system-out/>
</testsuite> <!-- PauseCode.Creat_PauseCode -->
