<?xml version="1.0" encoding="UTF-8"?>
<!-- Generated by org.testng.reporters.JUnitReportReporter -->
<testsuite hostname="DESKTOP-AJNVIH5" failures="0" tests="1" name="Campaign.CreatingInboundCampaign" time="15.455" errors="0" timestamp="2024-02-01T21:49:13 IST" skipped="0">
  <testcase classname="Campaign.CreatingInboundCampaign" name="Create_InboundCampaign" time="15.455"/>
  <system-out/>
</testsuite> <!-- Campaign.CreatingInboundCampaign -->
