<?xml version="1.0" encoding="UTF-8"?>
<!-- Generated by org.testng.reporters.JUnitReportReporter -->
<testsuite hostname="DESKTOP-AJNVIH5" failures="0" tests="1" name="Source.Update_Source" time="4.712" errors="0" timestamp="2024-01-25T23:42:24 IST" skipped="0">
  <testcase classname="Source.Update_Source" name="Update_Source" time="4.712"/>
  <system-out/>
</testsuite> <!-- Source.Update_Source -->
