<?xml version="1.0" encoding="UTF-8"?>
<!-- Generated by org.testng.reporters.JUnitReportReporter -->
<testsuite hostname="DESKTOP-AJNVIH5" failures="0" tests="2" name="User_Groups.Update_UserGroups" time="49.084" errors="0" timestamp="2024-01-18T16:17:20 IST" skipped="0">
  <testcase classname="User_Groups.Update_UserGroups" name="Update_UserGroupName" time="8.409"/>
  <system-out/>
  <testcase classname="User_Groups.Update_UserGroups" name="Update_Permission" time="40.675"/>
  <system-out/>
</testsuite> <!-- User_Groups.Update_UserGroups -->
