<?xml version="1.0" encoding="UTF-8"?>
<!-- Generated by org.testng.reporters.JUnitReportReporter -->
<testsuite hostname="DESKTOP-AJNVIH5" failures="0" tests="1" name="PauseCode.Create_PauseCode" time="8.832" errors="0" timestamp="2024-01-29T11:18:52 IST" skipped="0">
  <testcase classname="PauseCode.Create_PauseCode" name="Create_PauseCode" time="8.832"/>
  <system-out/>
</testsuite> <!-- PauseCode.Create_PauseCode -->
