<?xml version="1.0" encoding="UTF-8"?>
<!-- Generated by org.testng.reporters.JUnitReportReporter -->
<testsuite hostname="DESKTOP-AJNVIH5" failures="0" tests="1" name="Configuration.Script_Creation" time="0.000" errors="0" timestamp="2024-01-10T20:04:56 IST" skipped="1">
  <testcase classname="Configuration.Script_Creation" name="Create_Script" time="0.000">
    <skipped/>
  </testcase> <!-- Create_Script -->
  <system-out/>
</testsuite> <!-- Configuration.Script_Creation -->
