<?xml version="1.0" encoding="UTF-8"?>
<!-- Generated by org.testng.reporters.JUnitReportReporter -->
<testsuite hostname="DESKTOP-AJNVIH5" failures="0" tests="1" name="Channel.Create_Channel" time="3.886" errors="0" timestamp="2024-02-12T22:12:07 IST" skipped="0">
  <testcase classname="Channel.Create_Channel" name="Create_Channel" time="3.886"/>
  <system-out/>
</testsuite> <!-- Channel.Create_Channel -->
