<?xml version="1.0" encoding="UTF-8"?>
<!-- Generated by org.testng.reporters.JUnitReportReporter -->
<testsuite hostname="DESKTOP-AJNVIH5" failures="0" tests="2" name="Disposition.Dispo_Update" time="0.000" errors="0" timestamp="2024-01-13T14:26:48 IST" skipped="2">
  <testcase classname="Disposition.Dispo_Update" name="Update_Status" time="0.000">
    <skipped/>
  </testcase> <!-- Update_Status -->
  <system-out/>
  <testcase classname="Disposition.Dispo_Update" name="Update_Action">
    <skipped/>
  </testcase> <!-- Update_Action -->
  <system-out/>
</testsuite> <!-- Disposition.Dispo_Update -->
