<?xml version="1.0" encoding="UTF-8"?>
<!-- Generated by org.testng.reporters.JUnitReportReporter -->
<testsuite hostname="DESKTOP-AJNVIH5" failures="0" tests="1" name="Disposition.Dispo_Delete" time="9.323" errors="0" timestamp="2024-01-11T16:43:53 IST" skipped="0">
  <testcase classname="Disposition.Dispo_Delete" name="Delete_Dispo" time="9.323"/>
  <system-out/>
</testsuite> <!-- Disposition.Dispo_Delete -->
