<?xml version="1.0" encoding="UTF-8"?>
<!-- Generated by org.testng.reporters.JUnitReportReporter -->
<testsuite hostname="DESKTOP-AJNVIH5" failures="0" tests="1" name="User.Change_UserPassword" time="10.034" errors="0" timestamp="2024-01-09T12:39:27 IST" skipped="0">
  <testcase classname="User.Change_UserPassword" name="ChangePassword" time="10.034"/>
  <system-out/>
</testsuite> <!-- User.Change_UserPassword -->
