<?xml version="1.0" encoding="UTF-8"?>
<!-- Generated by org.testng.reporters.JUnitReportReporter -->
<testsuite hostname="DESKTOP-AJNVIH5" failures="0" tests="2" name="CRM.CreatingContact" time="0.000" errors="0" timestamp="2024-01-11T15:59:11 IST" skipped="2">
  <testcase classname="CRM.CreatingContact" name="CreateContact" time="0.000">
    <skipped/>
  </testcase> <!-- CreateContact -->
  <system-out/>
  <testcase classname="CRM.CreatingContact" name="UplodeContact">
    <skipped/>
  </testcase> <!-- UplodeContact -->
  <system-out/>
</testsuite> <!-- CRM.CreatingContact -->
