<?xml version="1.0" encoding="UTF-8"?>
<!-- Generated by org.testng.reporters.JUnitReportReporter -->
<testsuite hostname="DESKTOP-AJNVIH5" failures="0" tests="1" name="Configuration_CreationFlow.Dispo_Creation" time="7.887" errors="0" timestamp="2024-01-13T10:54:32 IST" skipped="0">
  <testcase classname="Configuration_CreationFlow.Dispo_Creation" name="Create_Disposition" time="7.887"/>
  <system-out/>
</testsuite> <!-- Configuration_CreationFlow.Dispo_Creation -->
