<?xml version="1.0" encoding="UTF-8"?>
<!-- Generated by org.testng.reporters.JUnitReportReporter -->
<testsuite hostname="DESKTOP-AJNVIH5" failures="0" tests="1" name="Campaign.CreatingVoiceBlastCampaign" time="22.436" errors="0" timestamp="2024-02-01T22:50:40 IST" skipped="0">
  <testcase classname="Campaign.CreatingVoiceBlastCampaign" name="Create_VoiceBlastCampaign" time="22.436"/>
  <system-out/>
</testsuite> <!-- Campaign.CreatingVoiceBlastCampaign -->
