<?xml version="1.0" encoding="UTF-8"?>
<!-- Generated by org.testng.reporters.JUnitReportReporter -->
<testsuite hostname="DESKTOP-AJNVIH5" failures="0" tests="1" name="Campaign.CreatingPreviewCampaign" time="25.273" errors="0" timestamp="2024-02-01T20:37:18 IST" skipped="0">
  <testcase classname="Campaign.CreatingPreviewCampaign" name="CreateCampaign" time="25.273"/>
  <system-out/>
</testsuite> <!-- Campaign.CreatingPreviewCampaign -->
