<?xml version="1.0" encoding="UTF-8"?>
<!-- Generated by org.testng.reporters.JUnitReportReporter -->
<testsuite hostname="DESKTOP-AJNVIH5" failures="0" tests="1" name="User_Groups.User_Groups" time="68.843" errors="0" timestamp="2024-01-24T14:41:31 IST" skipped="0">
  <testcase classname="User_Groups.User_Groups" name="Create_UserGroup" time="68.843"/>
  <system-out/>
</testsuite> <!-- User_Groups.User_Groups -->
