<?xml version="1.0" encoding="UTF-8"?>
<!-- Generated by org.testng.reporters.JUnitReportReporter -->
<testsuite hostname="DESKTOP-AJNVIH5" failures="0" tests="1" name="Configuration_CreationFlow.Create_SubDisposition" time="5.664" errors="0" timestamp="2024-01-10T23:06:26 IST" skipped="0">
  <testcase classname="Configuration_CreationFlow.Create_SubDisposition" name="Create_SubDisposition" time="5.664"/>
  <system-out/>
</testsuite> <!-- Configuration_CreationFlow.Create_SubDisposition -->
