<?xml version="1.0" encoding="UTF-8"?>
<!-- Generated by org.testng.reporters.JUnitReportReporter -->
<testsuite hostname="DESKTOP-AJNVIH5" failures="0" tests="1" name="Campaign.CreatingPowerCampaign" time="17.897" errors="0" timestamp="2024-02-01T22:08:07 IST" skipped="0">
  <testcase classname="Campaign.CreatingPowerCampaign" name="Create_PowerCampaign" time="17.897"/>
  <system-out/>
</testsuite> <!-- Campaign.CreatingPowerCampaign -->
