<?xml version="1.0" encoding="UTF-8"?>
<!-- Generated by org.testng.reporters.JUnitReportReporter -->
<testsuite hostname="DESKTOP-AJNVIH5" failures="0" tests="1" name="Configuration.Queue_Creation" time="0.000" errors="0" timestamp="2024-01-10T20:04:56 IST" skipped="1">
  <testcase classname="Configuration.Queue_Creation" name="Create_Queue" time="0.000">
    <skipped/>
  </testcase> <!-- Create_Queue -->
  <system-out/>
</testsuite> <!-- Configuration.Queue_Creation -->
