<?xml version="1.0" encoding="UTF-8"?>
<!-- Generated by org.testng.reporters.JUnitReportReporter -->
<testsuite hostname="DESKTOP-AJNVIH5" failures="0" tests="1" name="Script.Script_Creation" time="6.030" errors="0" timestamp="2024-01-29T13:01:02 IST" skipped="0">
  <testcase classname="Script.Script_Creation" name="Create_Script" time="6.030"/>
  <system-out/>
</testsuite> <!-- Script.Script_Creation -->
