<?xml version="1.0" encoding="UTF-8"?>
<!-- Generated by org.testng.reporters.JUnitReportReporter -->
<testsuite hostname="DESKTOP-AJNVIH5" failures="0" tests="2" name="SubDisposition.Create_SubDisposition" time="18.078" errors="0" timestamp="2024-01-14T16:20:03 IST" skipped="0">
  <testcase classname="SubDisposition.Create_SubDisposition" name="Create_SubDisposition" time="9.450"/>
  <system-out/>
  <testcase classname="SubDisposition.Create_SubDisposition" name="Verfication" time="8.628"/>
  <system-out/>
</testsuite> <!-- SubDisposition.Create_SubDisposition -->
