<?xml version="1.0" encoding="UTF-8"?>
<!-- Generated by org.testng.reporters.JUnitReportReporter -->
<testsuite hostname="DESKTOP-AJNVIH5" failures="0" tests="20" name="Campaign.EditCampaign" time="0.001" errors="1" timestamp="2024-01-11T16:23:58 IST" skipped="19">
  <testcase classname="Campaign.EditCampaign" name="Setup" time="0.001">
    <error message="Cannot invoke &quot;org.openqa.selenium.WebDriver.findElement(org.openqa.selenium.By)&quot; because &quot;this.driver&quot; is null" type="java.lang.NullPointerException">
      <![CDATA[java.lang.NullPointerException: Cannot invoke "org.openqa.selenium.WebDriver.findElement(org.openqa.selenium.By)" because "this.driver" is null
at Campaign.EditCampaign.Setup(EditCampaign.java:41)
at java.base/jdk.internal.reflect.NativeMethodAccessorImpl.invoke0(Native Method)
at java.base/jdk.internal.reflect.NativeMethodAccessorImpl.invoke(NativeMethodAccessorImpl.java:77)
at java.base/jdk.internal.reflect.DelegatingMethodAccessorImpl.invoke(DelegatingMethodAccessorImpl.java:43)
at java.base/java.lang.reflect.Method.invoke(Method.java:568)
at org.testng.internal.MethodInvocationHelper.invokeMethod(MethodInvocationHelper.java:133)
at org.testng.internal.MethodInvocationHelper.invokeMethodConsideringTimeout(MethodInvocationHelper.java:62)
at org.testng.internal.ConfigInvoker.invokeConfigurationMethod(ConfigInvoker.java:385)
at org.testng.internal.ConfigInvoker.invokeConfigurations(ConfigInvoker.java:321)
at org.testng.internal.TestInvoker.runConfigMethods(TestInvoker.java:700)
at org.testng.internal.TestInvoker.invokeMethod(TestInvoker.java:527)
at org.testng.internal.TestInvoker.invokeTestMethod(TestInvoker.java:173)
at org.testng.internal.MethodRunner.runInSequence(MethodRunner.java:46)
at org.testng.internal.TestInvoker$MethodInvocationAgent.invoke(TestInvoker.java:824)
at org.testng.internal.TestInvoker.invokeTestMethods(TestInvoker.java:146)
at org.testng.internal.TestMethodWorker.invokeTestMethods(TestMethodWorker.java:146)
at org.testng.internal.TestMethodWorker.run(TestMethodWorker.java:128)
at java.base/java.util.ArrayList.forEach(ArrayList.java:1511)
at org.testng.TestRunner.privateRun(TestRunner.java:794)
at org.testng.TestRunner.run(TestRunner.java:596)
at org.testng.SuiteRunner.runTest(SuiteRunner.java:377)
at org.testng.SuiteRunner.runSequentially(SuiteRunner.java:371)
at org.testng.SuiteRunner.privateRun(SuiteRunner.java:332)
at org.testng.SuiteRunner.run(SuiteRunner.java:276)
at org.testng.SuiteRunnerWorker.runSuite(SuiteRunnerWorker.java:53)
at org.testng.SuiteRunnerWorker.run(SuiteRunnerWorker.java:96)
at org.testng.TestNG.runSuitesSequentially(TestNG.java:1212)
at org.testng.TestNG.runSuitesLocally(TestNG.java:1134)
at org.testng.TestNG.runSuites(TestNG.java:1063)
at org.testng.TestNG.run(TestNG.java:1031)
at org.testng.remote.AbstractRemoteTestNG.run(AbstractRemoteTestNG.java:115)
at org.testng.remote.RemoteTestNG.initAndRun(RemoteTestNG.java:251)
at org.testng.remote.RemoteTestNG.main(RemoteTestNG.java:77)
]]>
    </error>
  </testcase> <!-- Setup -->
  <system-out/>
  <testcase classname="Campaign.EditCampaign" name="Status" time="0.000">
    <skipped/>
  </testcase> <!-- Status -->
  <system-out/>
  <testcase classname="Campaign.EditCampaign" name="CheckPauseCode" time="0.000">
    <skipped/>
  </testcase> <!-- CheckPauseCode -->
  <system-out/>
  <testcase classname="Campaign.EditCampaign" name="UncheckPauseCode" time="0.000">
    <skipped/>
  </testcase> <!-- UncheckPauseCode -->
  <system-out/>
  <testcase classname="Campaign.EditCampaign" name="DispoUncheck" time="0.000">
    <skipped/>
  </testcase> <!-- DispoUncheck -->
  <system-out/>
  <testcase classname="Campaign.EditCampaign" name="DispoCheck" time="0.000">
    <skipped/>
  </testcase> <!-- DispoCheck -->
  <system-out/>
  <testcase classname="Campaign.EditCampaign" name="Outbound" time="0.000">
    <skipped/>
  </testcase> <!-- Outbound -->
  <system-out/>
  <testcase classname="Campaign.EditCampaign" name="Dialocheck" time="0.000">
    <skipped/>
  </testcase> <!-- Dialocheck -->
  <system-out/>
  <testcase classname="Campaign.EditCampaign" name="DialoUncheck" time="0.000">
    <skipped/>
  </testcase> <!-- DialoUncheck -->
  <system-out/>
  <testcase classname="Campaign.EditCampaign" name="UncheckProcess" time="0.000">
    <skipped/>
  </testcase> <!-- UncheckProcess -->
  <system-out/>
  <testcase classname="Campaign.EditCampaign" name="CheckProcess" time="0.000">
    <skipped/>
  </testcase> <!-- CheckProcess -->
  <system-out/>
  <testcase classname="Campaign.EditCampaign" name="QueueUncheck" time="0.000">
    <skipped/>
  </testcase> <!-- QueueUncheck -->
  <system-out/>
  <testcase classname="Campaign.EditCampaign" name="QueueCheck" time="0.000">
    <skipped/>
  </testcase> <!-- QueueCheck -->
  <system-out/>
  <testcase classname="Campaign.EditCampaign" name="TemplateUpdate" time="0.000">
    <skipped/>
  </testcase> <!-- TemplateUpdate -->
  <system-out/>
  <testcase classname="Campaign.EditCampaign" name="ScriptUpdate" time="0.000">
    <skipped/>
  </testcase> <!-- ScriptUpdate -->
  <system-out/>
  <testcase classname="Campaign.EditCampaign" name="TimeZoneUpdate" time="0.000">
    <skipped/>
  </testcase> <!-- TimeZoneUpdate -->
  <system-out/>
  <testcase classname="Campaign.EditCampaign" name="CallMaskingUpdate" time="0.000">
    <skipped/>
  </testcase> <!-- CallMaskingUpdate -->
  <system-out/>
  <testcase classname="Campaign.EditCampaign" name="OnDemandRecording" time="0.000">
    <skipped/>
  </testcase> <!-- OnDemandRecording -->
  <system-out/>
  <testcase classname="Campaign.EditCampaign" name="DNC" time="0.000">
    <skipped/>
  </testcase> <!-- DNC -->
  <system-out/>
  <testcase classname="Campaign.EditCampaign" name="UpdateBufferLevelDialRatio">
    <skipped/>
  </testcase> <!-- UpdateBufferLevelDialRatio -->
  <system-out/>
</testsuite> <!-- Campaign.EditCampaign -->
