<?xml version="1.0" encoding="UTF-8"?>
<!-- Generated by org.testng.reporters.JUnitReportReporter -->
<testsuite hostname="DESKTOP-AJNVIH5" failures="0" tests="6" name="CRM.CreateCamapign" time="0.000" errors="0" timestamp="2024-01-11T15:59:11 IST" skipped="6">
  <testcase classname="CRM.CreateCamapign" name="PreviewCampaign" time="0.000">
    <skipped/>
  </testcase> <!-- PreviewCampaign -->
  <system-out/>
  <testcase classname="CRM.CreateCamapign" name="InboundCampaign" time="0.000">
    <skipped/>
  </testcase> <!-- InboundCampaign -->
  <system-out/>
  <testcase classname="CRM.CreateCamapign" name="PredictiveCampaign" time="0.000">
    <skipped/>
  </testcase> <!-- PredictiveCampaign -->
  <system-out/>
  <testcase classname="CRM.CreateCamapign" name="PowerCampaign" time="0.000">
    <skipped/>
  </testcase> <!-- PowerCampaign -->
  <system-out/>
  <testcase classname="CRM.CreateCamapign" name="VoiceBlastCampaign" time="0.000">
    <skipped/>
  </testcase> <!-- VoiceBlastCampaign -->
  <system-out/>
  <testcase classname="CRM.CreateCamapign" name="WhatsappBlastCampaign">
    <skipped/>
  </testcase> <!-- WhatsappBlastCampaign -->
  <system-out/>
</testsuite> <!-- CRM.CreateCamapign -->
