<?xml version="1.0" encoding="UTF-8"?>
<!-- Generated by org.testng.reporters.JUnitReportReporter -->
<testsuite hostname="DESKTOP-AJNVIH5" failures="0" tests="1" name="Inbound_Route.InboundRoute_Creation" time="6.846" errors="0" timestamp="2024-01-29T13:15:38 IST" skipped="0">
  <testcase classname="Inbound_Route.InboundRoute_Creation" name="InboundRoute_Create" time="6.846"/>
  <system-out/>
</testsuite> <!-- Inbound_Route.InboundRoute_Creation -->
