<?xml version="1.0" encoding="UTF-8"?>
<!-- Generated by org.testng.reporters.JUnitReportReporter -->
<testsuite hostname="DESKTOP-AJNVIH5" failures="0" tests="1" name="Block_List.BlockList" time="0.000" errors="0" timestamp="2024-01-10T19:46:18 IST" skipped="1">
  <testcase classname="Block_List.BlockList" name="Uplode_BlockList" time="0.000">
    <skipped/>
  </testcase> <!-- Uplode_BlockList -->
  <system-out/>
</testsuite> <!-- Block_List.BlockList -->
