<?xml version="1.0" encoding="UTF-8"?>
<!-- Generated by org.testng.reporters.JUnitReportReporter -->
<testsuite hostname="DESKTOP-AJNVIH5" failures="0" tests="1" name="Ticket_Status.TicketStatus" time="0.000" errors="0" timestamp="2024-01-10T19:46:18 IST" skipped="1">
  <testcase classname="Ticket_Status.TicketStatus" name="Create_TicketStatus" time="0.000">
    <skipped/>
  </testcase> <!-- Create_TicketStatus -->
  <system-out/>
</testsuite> <!-- Ticket_Status.TicketStatus -->
