<?xml version="1.0" encoding="UTF-8"?>
<!-- Generated by org.testng.reporters.JUnitReportReporter -->
<testsuite hostname="DESKTOP-AJNVIH5" failures="0" tests="1" name="Team.Delete_Team" time="2.799" errors="0" timestamp="2024-01-23T23:11:39 IST" skipped="0">
  <testcase classname="Team.Delete_Team" name="Delete_Team" time="2.799"/>
  <system-out/>
</testsuite> <!-- Team.Delete_Team -->
