<?xml version="1.0" encoding="UTF-8"?>
<!-- Generated by org.testng.reporters.JUnitReportReporter -->
<testsuite hostname="DESKTOP-AJNVIH5" failures="0" tests="2" name="Contact.Delete_Contact" time="9.125" errors="0" timestamp="2024-02-08T17:14:54 IST" skipped="0">
  <testcase classname="Contact.Delete_Contact" name="Delete_Contact" time="5.343"/>
  <system-out/>
  <testcase classname="Contact.Delete_Contact" name="BulkDelete_Contact" time="3.782"/>
  <system-out/>
</testsuite> <!-- Contact.Delete_Contact -->
