<?xml version="1.0" encoding="UTF-8"?>
<!-- Generated by org.testng.reporters.JUnitReportReporter -->
<testsuite hostname="DESKTOP-AJNVIH5" failures="0" tests="1" name="PauseCode.Delete_PauseCode" time="5.739" errors="0" timestamp="2024-01-29T16:08:51 IST" skipped="0">
  <testcase classname="PauseCode.Delete_PauseCode" name="Delete_PauseCode" time="5.739"/>
  <system-out/>
</testsuite> <!-- PauseCode.Delete_PauseCode -->
