<?xml version="1.0" encoding="UTF-8"?>
<!-- Generated by org.testng.reporters.JUnitReportReporter -->
<testsuite hostname="DESKTOP-AJNVIH5" failures="0" tests="2" name="Announcement.Create_Announcement" time="12.518" errors="0" timestamp="2024-01-14T13:21:00 IST" skipped="0">
  <testcase classname="Announcement.Create_Announcement" name="Create_Announcement" time="7.317"/>
  <system-out/>
  <testcase classname="Announcement.Create_Announcement" name="Verification" time="5.201"/>
  <system-out/>
</testsuite> <!-- Announcement.Create_Announcement -->
