<?xml version="1.0" encoding="UTF-8"?>
<!-- Generated by org.testng.reporters.JUnitReportReporter -->
<testsuite hostname="DESKTOP-AJNVIH5" failures="0" tests="2" name="Disposition.Dispo_Creation" time="6.570" errors="0" timestamp="2024-01-14T14:36:31 IST" skipped="1">
  <testcase classname="Disposition.Dispo_Creation" name="Verfication" time="6.570"/>
  <system-out/>
  <testcase classname="Disposition.Dispo_Creation" name="Create_Disposition">
    <skipped/>
  </testcase> <!-- Create_Disposition -->
  <system-out/>
</testsuite> <!-- Disposition.Dispo_Creation -->
