<?xml version="1.0" encoding="UTF-8"?>
<!-- Generated by org.testng.reporters.JUnitReportReporter -->
<testsuite hostname="DESKTOP-AJNVIH5" failures="0" tests="1" name="Configuration_CreationFlow.Queue_Creation" time="4.680" errors="0" timestamp="2024-01-13T10:33:36 IST" skipped="0">
  <testcase classname="Configuration_CreationFlow.Queue_Creation" name="Create_Queue" time="4.680"/>
  <system-out/>
</testsuite> <!-- Configuration_CreationFlow.Queue_Creation -->
