<?xml version="1.0" encoding="UTF-8"?>
<!-- Generated by org.testng.reporters.JUnitReportReporter -->
<testsuite hostname="DESKTOP-AJNVIH5" failures="0" tests="1" name="Configuration.Creat_PauseCode" time="0.000" errors="0" timestamp="2024-01-10T20:04:56 IST" skipped="1">
  <testcase classname="Configuration.Creat_PauseCode" name="Create_PauseCode" time="0.000">
    <skipped/>
  </testcase> <!-- Create_PauseCode -->
  <system-out/>
</testsuite> <!-- Configuration.Creat_PauseCode -->
