<?xml version="1.0" encoding="UTF-8"?>
<!-- Generated by org.testng.reporters.JUnitReportReporter -->
<testsuite hostname="DESKTOP-AJNVIH5" failures="0" tests="1" name="Configuration_CreationFlow.Creat_PauseCode" time="4.319" errors="0" timestamp="2024-01-11T09:52:46 IST" skipped="0">
  <testcase classname="Configuration_CreationFlow.Creat_PauseCode" name="Create_PauseCode" time="4.319"/>
  <system-out/>
</testsuite> <!-- Configuration_CreationFlow.Creat_PauseCode -->
