<?xml version="1.0" encoding="UTF-8"?>
<!-- Generated by org.testng.reporters.JUnitReportReporter -->
<testsuite hostname="DESKTOP-AJNVIH5" failures="0" tests="1" name="Configuration.TicketStatus" time="0.000" errors="0" timestamp="2024-01-10T20:04:56 IST" skipped="1">
  <testcase classname="Configuration.TicketStatus" name="Create_TicketStatus" time="0.000">
    <skipped/>
  </testcase> <!-- Create_TicketStatus -->
  <system-out/>
</testsuite> <!-- Configuration.TicketStatus -->
