<?xml version="1.0" encoding="UTF-8"?>
<!-- Generated by org.testng.reporters.JUnitReportReporter -->
<testsuite hostname="DESKTOP-AJNVIH5" failures="0" tests="2" name="Contact.CreatingContact" time="5.572" errors="0" timestamp="2024-02-08T17:14:54 IST" skipped="1">
  <testcase classname="Contact.CreatingContact" name="UplodeContact" time="5.572"/>
  <system-out/>
  <testcase classname="Contact.CreatingContact" name="CreateContact">
    <skipped/>
  </testcase> <!-- CreateContact -->
  <system-out/>
</testsuite> <!-- Contact.CreatingContact -->
