<?xml version="1.0" encoding="UTF-8"?>
<!-- Generated by org.testng.reporters.JUnitReportReporter -->
<testsuite hostname="DESKTOP-AJNVIH5" failures="0" tests="1" name="Users_and_Groups.Create_Team" time="15.701" errors="0" timestamp="2024-01-24T16:16:12 IST" skipped="0">
  <testcase classname="Users_and_Groups.Create_Team" name="Create_Team" time="15.701"/>
  <system-out/>
</testsuite> <!-- Users_and_Groups.Create_Team -->
