<?xml version="1.0" encoding="UTF-8"?>
<!-- Generated by org.testng.reporters.JUnitReportReporter -->
<testsuite hostname="DESKTOP-AJNVIH5" failures="0" tests="1" name="Disposition.Dispo_Creation" time="0.000" errors="0" timestamp="2024-01-13T14:26:48 IST" skipped="1">
  <testcase classname="Disposition.Dispo_Creation" name="Create_Disposition" time="0.000">
    <skipped/>
  </testcase> <!-- Create_Disposition -->
  <system-out/>
</testsuite> <!-- Disposition.Dispo_Creation -->
