<?xml version="1.0" encoding="UTF-8"?>
<!-- Generated by org.testng.reporters.JUnitReportReporter -->
<testsuite hostname="DESKTOP-AJNVIH5" failures="0" tests="2" name="Script.Script_Creation" time="7.231" errors="0" timestamp="2024-01-14T17:24:26 IST" skipped="1">
  <testcase classname="Script.Script_Creation" name="Verification" time="7.231"/>
  <system-out/>
  <testcase classname="Script.Script_Creation" name="Create_Script">
    <skipped/>
  </testcase> <!-- Create_Script -->
  <system-out/>
</testsuite> <!-- Script.Script_Creation -->
