<?xml version="1.0" encoding="UTF-8"?>
<!-- Generated by org.testng.reporters.JUnitReportReporter -->
<testsuite hostname="DESKTOP-AJNVIH5" failures="0" tests="6" name="Campaign.CreateCamapign" time="175.542" errors="0" timestamp="2024-01-04T19:57:17 IST" skipped="1">
  <testcase classname="Campaign.CreateCamapign" name="PreviewCampaign" time="30.996"/>
  <system-out/>
  <testcase classname="Campaign.CreateCamapign" name="InboundCampaign" time="33.681"/>
  <system-out/>
  <testcase classname="Campaign.CreateCamapign" name="PredictiveCampaign" time="34.968"/>
  <system-out/>
  <testcase classname="Campaign.CreateCamapign" name="PowerCampaign" time="37.806"/>
  <system-out/>
  <testcase classname="Campaign.CreateCamapign" name="VoiceBlastCampaign" time="38.091"/>
  <system-out/>
  <testcase classname="Campaign.CreateCamapign" name="WhatsappBlastCampaign">
    <skipped/>
  </testcase> <!-- WhatsappBlastCampaign -->
  <system-out/>
</testsuite> <!-- Campaign.CreateCamapign -->
