<?xml version="1.0" encoding="UTF-8"?>
<!-- Generated by org.testng.reporters.JUnitReportReporter -->
<testsuite hostname="DESKTOP-AJNVIH5" failures="0" tests="19" name="Campaign.EditCampaign" time="254.945" errors="0" timestamp="2024-01-04T20:05:48 IST" skipped="1">
  <testcase classname="Campaign.EditCampaign" name="Status" time="14.576"/>
  <system-out/>
  <testcase classname="Campaign.EditCampaign" name="CheckPauseCode" time="14.989"/>
  <system-out/>
  <testcase classname="Campaign.EditCampaign" name="UncheckPauseCode" time="15.119"/>
  <system-out/>
  <testcase classname="Campaign.EditCampaign" name="DispoUncheck" time="14.613"/>
  <system-out/>
  <testcase classname="Campaign.EditCampaign" name="DispoCheck" time="14.694"/>
  <system-out/>
  <testcase classname="Campaign.EditCampaign" name="Outbound" time="14.877"/>
  <system-out/>
  <testcase classname="Campaign.EditCampaign" name="Dialocheck" time="14.108"/>
  <system-out/>
  <testcase classname="Campaign.EditCampaign" name="DialoUncheck" time="14.529"/>
  <system-out/>
  <testcase classname="Campaign.EditCampaign" name="UncheckProcess" time="14.975"/>
  <system-out/>
  <testcase classname="Campaign.EditCampaign" name="CheckProcess" time="14.415"/>
  <system-out/>
  <testcase classname="Campaign.EditCampaign" name="QueueUncheck" time="14.014"/>
  <system-out/>
  <testcase classname="Campaign.EditCampaign" name="QueueCheck" time="14.536"/>
  <system-out/>
  <testcase classname="Campaign.EditCampaign" name="TemplateUpdate" time="14.161"/>
  <system-out/>
  <testcase classname="Campaign.EditCampaign" name="ScriptUpdate" time="14.261"/>
  <system-out/>
  <testcase classname="Campaign.EditCampaign" name="TimeZoneUpdate" time="12.573"/>
  <system-out/>
  <testcase classname="Campaign.EditCampaign" name="CallMaskingUpdate" time="12.747"/>
  <system-out/>
  <testcase classname="Campaign.EditCampaign" name="OnDemandRecording" time="12.990"/>
  <system-out/>
  <testcase classname="Campaign.EditCampaign" name="DNC" time="12.768"/>
  <system-out/>
  <testcase classname="Campaign.EditCampaign" name="UpdateBufferLevelDialRatio">
    <skipped/>
  </testcase> <!-- UpdateBufferLevelDialRatio -->
  <system-out/>
</testsuite> <!-- Campaign.EditCampaign -->
