<?xml version="1.0" encoding="UTF-8"?>
<!-- Generated by org.testng.reporters.JUnitReportReporter -->
<testsuite hostname="DESKTOP-AJNVIH5" failures="0" tests="1" name="Audio_Store.Uplode_AudioStore" time="0.000" errors="0" timestamp="2024-01-10T19:46:18 IST" skipped="1">
  <testcase classname="Audio_Store.Uplode_AudioStore" name="Uplode_Audio" time="0.000">
    <skipped/>
  </testcase> <!-- Uplode_Audio -->
  <system-out/>
</testsuite> <!-- Audio_Store.Uplode_AudioStore -->
