<?xml version="1.0" encoding="UTF-8"?>
<!-- Generated by org.testng.reporters.JUnitReportReporter -->
<testsuite hostname="DESKTOP-AJNVIH5" failures="0" tests="1" name="Timezone.Create_TimeZone" time="0.000" errors="0" timestamp="2024-01-10T19:46:18 IST" skipped="1">
  <testcase classname="Timezone.Create_TimeZone" name="TimeZone_Creation" time="0.000">
    <skipped/>
  </testcase> <!-- TimeZone_Creation -->
  <system-out/>
</testsuite> <!-- Timezone.Create_TimeZone -->
