<?xml version="1.0" encoding="UTF-8"?>
<!-- Generated by org.testng.reporters.JUnitReportReporter -->
<testsuite hostname="DESKTOP-AJNVIH5" failures="0" tests="1" name="SubDisposition.Create_SubDisposition" time="0.000" errors="0" timestamp="2024-01-10T19:46:18 IST" skipped="1">
  <testcase classname="SubDisposition.Create_SubDisposition" name="Create_SubDisposition" time="0.000">
    <skipped/>
  </testcase> <!-- Create_SubDisposition -->
  <system-out/>
</testsuite> <!-- SubDisposition.Create_SubDisposition -->
