<?xml version="1.0" encoding="UTF-8"?>
<!-- Generated by org.testng.reporters.JUnitReportReporter -->
<testsuite hostname="DESKTOP-AJNVIH5" failures="0" tests="1" name="Channel.Create_Channel" time="3.342" errors="0" timestamp="2024-01-09T19:18:24 IST" skipped="0">
  <testcase classname="Channel.Create_Channel" name="Create_Channel" time="3.342"/>
  <system-out/>
</testsuite> <!-- Channel.Create_Channel -->
