<?xml version="1.0" encoding="UTF-8"?>
<!-- Generated by org.testng.reporters.JUnitReportReporter -->
<testsuite hostname="DESKTOP-AJNVIH5" failures="0" tests="1" name="List.Delete_List" time="2.773" errors="0" timestamp="2024-02-02T16:29:57 IST" skipped="0">
  <testcase classname="List.Delete_List" name="Delete_List" time="2.773"/>
  <system-out/>
</testsuite> <!-- List.Delete_List -->
