<?xml version="1.0" encoding="UTF-8"?>
<!-- Generated by org.testng.reporters.JUnitReportReporter -->
<testsuite hostname="DESKTOP-AJNVIH5" failures="0" tests="1" name="Announcement.Create_Announcement" time="10.941" errors="0" timestamp="2024-01-29T12:06:19 IST" skipped="0">
  <testcase classname="Announcement.Create_Announcement" name="Create_Announcement" time="10.941"/>
  <system-out/>
</testsuite> <!-- Announcement.Create_Announcement -->
