<?xml version="1.0" encoding="UTF-8"?>
<!-- Generated by org.testng.reporters.JUnitReportReporter -->
<testsuite hostname="DESKTOP-AJNVIH5" failures="0" tests="1" name="Campaign.Delete_Campaign" time="2.625" errors="0" timestamp="2024-02-01T23:25:27 IST" skipped="0">
  <testcase classname="Campaign.Delete_Campaign" name="Delete_Campaign" time="2.625"/>
  <system-out/>
</testsuite> <!-- Campaign.Delete_Campaign -->
