<?xml version="1.0" encoding="UTF-8"?>
<!-- Generated by org.testng.reporters.JUnitReportReporter -->
<testsuite hostname="DESKTOP-AJNVIH5" failures="0" tests="1" name="Disposition.Dispo_Creation" time="9.481" errors="0" timestamp="2024-01-11T16:28:25 IST" skipped="0">
  <testcase classname="Disposition.Dispo_Creation" name="Create_Disposition" time="9.481"/>
  <system-out/>
</testsuite> <!-- Disposition.Dispo_Creation -->
