<?xml version="1.0" encoding="UTF-8"?>
<!-- Generated by org.testng.reporters.JUnitReportReporter -->
<testsuite hostname="DESKTOP-AJNVIH5" failures="0" tests="1" name="Source.Create_Source" time="5.707" errors="0" timestamp="2024-01-20T00:12:41 IST" skipped="0">
  <testcase classname="Source.Create_Source" name="Create_Source" time="5.707"/>
  <system-out/>
</testsuite> <!-- Source.Create_Source -->
