<?xml version="1.0" encoding="UTF-8"?>
<!-- Generated by org.testng.reporters.JUnitReportReporter -->
<testsuite hostname="DESKTOP-AJNVIH5" failures="0" tests="1" name="List.CreatingList" time="7.333" errors="0" timestamp="2024-02-02T15:48:33 IST" skipped="0">
  <testcase classname="List.CreatingList" name="CreatingList" time="7.333"/>
  <system-out/>
</testsuite> <!-- List.CreatingList -->
