<?xml version="1.0" encoding="UTF-8"?>
<!-- Generated by org.testng.reporters.JUnitReportReporter -->
<testsuite hostname="DESKTOP-AJNVIH5" failures="0" tests="2" name="User.Assign_UserQueue" time="10.463" errors="0" timestamp="2024-01-09T15:23:10 IST" skipped="1">
  <testcase classname="User.Assign_UserQueue" name="Add_Multiple_Queue" time="10.463"/>
  <system-out/>
  <testcase classname="User.Assign_UserQueue" name="Add_Single_Queue">
    <skipped/>
  </testcase> <!-- Add_Single_Queue -->
  <system-out/>
</testsuite> <!-- User.Assign_UserQueue -->
