<?xml version="1.0" encoding="UTF-8"?>
<!-- Generated by org.testng.reporters.JUnitReportReporter -->
<testsuite hostname="DESKTOP-AJNVIH5" failures="0" tests="1" name="Campaign.CreatingPredictiveCampaign" time="18.331" errors="0" timestamp="2024-02-01T22:05:29 IST" skipped="0">
  <testcase classname="Campaign.CreatingPredictiveCampaign" name="Create_PredictiveCampaign" time="18.331"/>
  <system-out/>
</testsuite> <!-- Campaign.CreatingPredictiveCampaign -->
