<?xml version="1.0" encoding="UTF-8"?>
<!-- Generated by org.testng.reporters.JUnitReportReporter -->
<testsuite hostname="DESKTOP-AJNVIH5" failures="0" tests="1" name="DID_Number.Manual_DID_Creation" time="5.102" errors="0" timestamp="2024-01-29T12:40:46 IST" skipped="0">
  <testcase classname="DID_Number.Manual_DID_Creation" name="Manual_DID_Creation" time="5.102"/>
  <system-out/>
</testsuite> <!-- DID_Number.Manual_DID_Creation -->
