<?xml version="1.0" encoding="UTF-8"?>
<!-- Generated by org.testng.reporters.JUnitReportReporter -->
<testsuite hostname="DESKTOP-AJNVIH5" failures="0" tests="2" name="CRM.CreatingLeads" time="0.000" errors="0" timestamp="2024-01-11T15:59:11 IST" skipped="2">
  <testcase classname="CRM.CreatingLeads" name="UplodeLeadsWithoutDuplication" time="0.000">
    <skipped/>
  </testcase> <!-- UplodeLeadsWithoutDuplication -->
  <system-out/>
  <testcase classname="CRM.CreatingLeads" name="CreateLead">
    <skipped/>
  </testcase> <!-- CreateLead -->
  <system-out/>
</testsuite> <!-- CRM.CreatingLeads -->
