<?xml version="1.0" encoding="UTF-8"?>
<!-- Generated by org.testng.reporters.JUnitReportReporter -->
<testsuite hostname="DESKTOP-AJNVIH5" failures="0" tests="1" name="Campaign.DeleteCampaign" time="9.089" errors="0" timestamp="2024-01-04T19:58:58 IST" skipped="0">
  <testcase classname="Campaign.DeleteCampaign" name="DeleteCampaign" time="9.089"/>
  <system-out/>
</testsuite> <!-- Campaign.DeleteCampaign -->
