<?xml version="1.0" encoding="UTF-8"?>
<!-- Generated by org.testng.reporters.JUnitReportReporter -->
<testsuite hostname="DESKTOP-AJNVIH5" failures="0" tests="1" name="Source.Create_Source" time="3.616" errors="0" timestamp="2024-01-09T23:40:20 IST" skipped="0">
  <testcase classname="Source.Create_Source" name="Create_Source" time="3.616"/>
  <system-out/>
</testsuite> <!-- Source.Create_Source -->
