<?xml version="1.0" encoding="UTF-8"?>
<!-- Generated by org.testng.reporters.JUnitReportReporter -->
<testsuite hostname="DESKTOP-AJNVIH5" failures="0" tests="2" name="Tags.Create_Tags" time="12.944" errors="0" timestamp="2024-01-14T16:56:53 IST" skipped="0">
  <testcase classname="Tags.Create_Tags" name="Tags_Creation" time="5.653"/>
  <system-out/>
  <testcase classname="Tags.Create_Tags" name="Verfication" time="7.291"/>
  <system-out/>
</testsuite> <!-- Tags.Create_Tags -->
