<?xml version="1.0" encoding="UTF-8"?>
<!-- Generated by org.testng.reporters.JUnitReportReporter -->
<testsuite hostname="DESKTOP-AJNVIH5" failures="0" tests="1" name="Tags.Create_Tags" time="0.000" errors="0" timestamp="2024-01-10T19:46:18 IST" skipped="1">
  <testcase classname="Tags.Create_Tags" name="Tags_Creation" time="0.000">
    <skipped/>
  </testcase> <!-- Tags_Creation -->
  <system-out/>
</testsuite> <!-- Tags.Create_Tags -->
