<?xml version="1.0" encoding="UTF-8"?>
<!-- Generated by org.testng.reporters.JUnitReportReporter -->
<testsuite hostname="DESKTOP-AJNVIH5" failures="0" tests="1" name="User_Groups.Delete_UserGroups" time="6.133" errors="0" timestamp="2024-01-18T16:17:20 IST" skipped="0">
  <testcase classname="User_Groups.Delete_UserGroups" name="Delete_UserGroups" time="6.133"/>
  <system-out/>
</testsuite> <!-- User_Groups.Delete_UserGroups -->
