<?xml version="1.0" encoding="UTF-8"?>
<!-- Generated by org.testng.reporters.JUnitReportReporter -->
<testsuite hostname="DESKTOP-AJNVIH5" failures="0" tests="1" name="Configuration_CreationFlow.Create_SubDisposition" time="4.306" errors="0" timestamp="2024-01-11T09:44:53 IST" skipped="0">
  <testcase classname="Configuration_CreationFlow.Create_SubDisposition" name="Create_SubDisposition" time="4.306"/>
  <system-out/>
</testsuite> <!-- Configuration_CreationFlow.Create_SubDisposition -->
