<?xml version="1.0" encoding="UTF-8"?>
<!-- Generated by org.testng.reporters.JUnitReportReporter -->
<testsuite hostname="DESKTOP-AJNVIH5" failures="0" tests="2" name="Timezone.Create_TimeZone" time="8.508" errors="0" timestamp="2024-01-14T17:37:47 IST" skipped="1">
  <testcase classname="Timezone.Create_TimeZone" name="Verfication" time="8.508"/>
  <system-out/>
  <testcase classname="Timezone.Create_TimeZone" name="TimeZone_Creation">
    <skipped/>
  </testcase> <!-- TimeZone_Creation -->
  <system-out/>
</testsuite> <!-- Timezone.Create_TimeZone -->
